2025-03-28 15:53:20 [INFO] c.e.j.JournalApplication - Starting JournalApplication using Java 21.0.1 with PID 84065 (/Users/jaysingh/Desktop/Springboot Pojects/journalApp sring security +JWT implememnted/target/classes started by jaysingh in /Users/jaysingh/Desktop/Springboot Pojects/journalApp sring security +JWT implememnted)
2025-03-28 15:53:20 [INFO] c.e.j.JournalApplication - No active profile set, falling back to 1 default profile: "default"
2025-03-28 15:53:20 [INFO] o.s.b.d.e.DevToolsPropertyDefaultsPostProcessor - Devtools property defaults active! Set 'spring.devtools.add-properties' to 'false' to disable
2025-03-28 15:53:20 [INFO] o.s.b.d.e.DevToolsPropertyDefaultsPostProcessor - For additional web related logging consider setting the 'logging.level.web' property to 'DEBUG'
2025-03-28 15:53:20 [INFO] o.s.d.r.c.RepositoryConfigurationDelegate - Bootstrapping Spring Data JPA repositories in DEFAULT mode.
2025-03-28 15:53:20 [INFO] o.s.d.r.c.RepositoryConfigurationDelegate - Finished Spring Data repository scanning in 19 ms. Found 2 JPA repository interfaces.
2025-03-28 15:53:20 [INFO] o.s.b.w.e.t.TomcatWebServer - Tomcat initialized with port 8080 (http)
2025-03-28 15:53:20 [INFO] o.a.c.h.Http11NioProtocol - Initializing ProtocolHandler ["http-nio-8080"]
2025-03-28 15:53:20 [INFO] o.a.c.c.StandardService - Starting service [Tomcat]
2025-03-28 15:53:20 [INFO] o.a.c.c.StandardEngine - Starting Servlet engine: [Apache Tomcat/10.1.30]
2025-03-28 15:53:20 [INFO] o.a.c.c.C.[.[.[/] - Initializing Spring embedded WebApplicationContext
2025-03-28 15:53:20 [INFO] o.s.b.w.s.c.ServletWebServerApplicationContext - Root WebApplicationContext: initialization completed in 590 ms
2025-03-28 15:53:21 [INFO] o.h.j.i.u.LogHelper - HHH000204: Processing PersistenceUnitInfo [name: default]
2025-03-28 15:53:21 [INFO] o.h.Version - HHH000412: Hibernate ORM core version 6.5.3.Final
2025-03-28 15:53:21 [INFO] o.h.c.i.RegionFactoryInitiator - HHH000026: Second-level cache disabled
2025-03-28 15:53:21 [INFO] o.s.o.j.p.SpringPersistenceUnitInfo - No LoadTimeWeaver setup: ignoring JPA class transformer
2025-03-28 15:53:21 [INFO] c.z.h.HikariDataSource - HikariPool-1 - Starting...
2025-03-28 15:53:21 [INFO] c.z.h.p.HikariPool - HikariPool-1 - Added connection com.mysql.cj.jdbc.ConnectionImpl@795e6295
2025-03-28 15:53:21 [INFO] c.z.h.HikariDataSource - HikariPool-1 - Start completed.
2025-03-28 15:53:21 [WARN] o.h.o.deprecation - HHH90000025: MySQL8Dialect does not need to be specified explicitly using 'hibernate.dialect' (remove the property setting and it will be selected by default)
2025-03-28 15:53:21 [WARN] o.h.o.deprecation - HHH90000026: MySQL8Dialect has been deprecated; use org.hibernate.dialect.MySQLDialect instead
2025-03-28 15:53:21 [INFO] o.h.e.t.j.p.i.JtaPlatformInitiator - HHH000489: No JTA platform available (set 'hibernate.transaction.jta.platform' to enable JTA platform integration)
2025-03-28 15:53:21 [INFO] o.s.o.j.LocalContainerEntityManagerFactoryBean - Initialized JPA EntityManagerFactory for persistence unit 'default'
2025-03-28 15:53:21 [INFO] o.s.s.c.a.a.c.InitializeAuthenticationProviderBeanManagerConfigurer$InitializeAuthenticationProviderManagerConfigurer - Global AuthenticationManager configured with AuthenticationProvider bean with name authenticationProvider
2025-03-28 15:53:21 [WARN] o.s.s.c.a.a.c.InitializeUserDetailsBeanManagerConfigurer$InitializeUserDetailsManagerConfigurer - Global AuthenticationManager configured with an AuthenticationProvider bean. UserDetailsService beans will not be used for username/password login. Consider removing the AuthenticationProvider bean. Alternatively, consider using the UserDetailsService in a manually instantiated DaoAuthenticationProvider.
2025-03-28 15:53:22 [WARN] o.s.b.a.o.j.JpaBaseConfiguration$JpaWebConfiguration - spring.jpa.open-in-view is enabled by default. Therefore, database queries may be performed during view rendering. Explicitly configure spring.jpa.open-in-view to disable this warning
2025-03-28 15:53:22 [INFO] o.s.b.d.a.OptionalLiveReloadServer - LiveReload server is running on port 35729
2025-03-28 15:53:22 [INFO] o.a.c.h.Http11NioProtocol - Starting ProtocolHandler ["http-nio-8080"]
2025-03-28 15:53:22 [INFO] o.s.b.w.e.t.TomcatWebServer - Tomcat started on port 8080 (http) with context path '/'
2025-03-28 15:53:22 [INFO] c.e.j.JournalApplication - Started JournalApplication in 2.022 seconds (process running for 2.372)
2025-03-28 16:01:13 [WARN] c.z.h.p.HikariPool - HikariPool-1 - Thread starvation or clock leap detected (housekeeper delta=51s841ms).
2025-03-28 16:09:57 [INFO] o.s.o.j.LocalContainerEntityManagerFactoryBean - Closing JPA EntityManagerFactory for persistence unit 'default'
2025-03-28 16:09:57 [INFO] c.z.h.HikariDataSource - HikariPool-1 - Shutdown initiated...
2025-03-28 16:09:57 [INFO] c.z.h.HikariDataSource - HikariPool-1 - Shutdown completed.
2025-03-28 16:09:58 [INFO] c.e.j.JournalApplication - Starting JournalApplication using Java 21.0.1 with PID 84445 (/Users/jaysingh/Desktop/Springboot Pojects/journalApp sring security +JWT implememnted/target/classes started by jaysingh in /Users/jaysingh/Desktop/Springboot Pojects/journalApp sring security +JWT implememnted)
2025-03-28 16:09:58 [INFO] c.e.j.JournalApplication - No active profile set, falling back to 1 default profile: "default"
2025-03-28 16:09:58 [INFO] o.s.b.d.e.DevToolsPropertyDefaultsPostProcessor - Devtools property defaults active! Set 'spring.devtools.add-properties' to 'false' to disable
2025-03-28 16:09:58 [INFO] o.s.b.d.e.DevToolsPropertyDefaultsPostProcessor - For additional web related logging consider setting the 'logging.level.web' property to 'DEBUG'
2025-03-28 16:09:58 [INFO] o.s.d.r.c.RepositoryConfigurationDelegate - Bootstrapping Spring Data JPA repositories in DEFAULT mode.
2025-03-28 16:09:58 [INFO] o.s.d.r.c.RepositoryConfigurationDelegate - Finished Spring Data repository scanning in 21 ms. Found 2 JPA repository interfaces.
2025-03-28 16:09:59 [INFO] o.s.b.w.e.t.TomcatWebServer - Tomcat initialized with port 8080 (http)
2025-03-28 16:09:59 [INFO] o.a.c.h.Http11NioProtocol - Initializing ProtocolHandler ["http-nio-8080"]
2025-03-28 16:09:59 [INFO] o.a.c.c.StandardService - Starting service [Tomcat]
2025-03-28 16:09:59 [INFO] o.a.c.c.StandardEngine - Starting Servlet engine: [Apache Tomcat/10.1.30]
2025-03-28 16:09:59 [INFO] o.a.c.c.C.[.[.[/] - Initializing Spring embedded WebApplicationContext
2025-03-28 16:09:59 [INFO] o.s.b.w.s.c.ServletWebServerApplicationContext - Root WebApplicationContext: initialization completed in 660 ms
2025-03-28 16:09:59 [INFO] o.h.j.i.u.LogHelper - HHH000204: Processing PersistenceUnitInfo [name: default]
2025-03-28 16:09:59 [INFO] o.h.Version - HHH000412: Hibernate ORM core version 6.5.3.Final
2025-03-28 16:09:59 [INFO] o.h.c.i.RegionFactoryInitiator - HHH000026: Second-level cache disabled
2025-03-28 16:09:59 [INFO] o.s.o.j.p.SpringPersistenceUnitInfo - No LoadTimeWeaver setup: ignoring JPA class transformer
2025-03-28 16:09:59 [INFO] c.z.h.HikariDataSource - HikariPool-1 - Starting...
2025-03-28 16:09:59 [INFO] c.z.h.p.HikariPool - HikariPool-1 - Added connection com.mysql.cj.jdbc.ConnectionImpl@73ffcedb
2025-03-28 16:09:59 [INFO] c.z.h.HikariDataSource - HikariPool-1 - Start completed.
2025-03-28 16:09:59 [WARN] o.h.o.deprecation - HHH90000025: MySQL8Dialect does not need to be specified explicitly using 'hibernate.dialect' (remove the property setting and it will be selected by default)
2025-03-28 16:09:59 [WARN] o.h.o.deprecation - HHH90000026: MySQL8Dialect has been deprecated; use org.hibernate.dialect.MySQLDialect instead
2025-03-28 16:10:00 [INFO] o.h.e.t.j.p.i.JtaPlatformInitiator - HHH000489: No JTA platform available (set 'hibernate.transaction.jta.platform' to enable JTA platform integration)
2025-03-28 16:10:00 [INFO] o.s.o.j.LocalContainerEntityManagerFactoryBean - Initialized JPA EntityManagerFactory for persistence unit 'default'
2025-03-28 16:10:00 [INFO] o.s.s.c.a.a.c.InitializeAuthenticationProviderBeanManagerConfigurer$InitializeAuthenticationProviderManagerConfigurer - Global AuthenticationManager configured with AuthenticationProvider bean with name authenticationProvider
2025-03-28 16:10:00 [WARN] o.s.s.c.a.a.c.InitializeUserDetailsBeanManagerConfigurer$InitializeUserDetailsManagerConfigurer - Global AuthenticationManager configured with an AuthenticationProvider bean. UserDetailsService beans will not be used for username/password login. Consider removing the AuthenticationProvider bean. Alternatively, consider using the UserDetailsService in a manually instantiated DaoAuthenticationProvider.
2025-03-28 16:10:00 [WARN] o.s.b.a.o.j.JpaBaseConfiguration$JpaWebConfiguration - spring.jpa.open-in-view is enabled by default. Therefore, database queries may be performed during view rendering. Explicitly configure spring.jpa.open-in-view to disable this warning
2025-03-28 16:10:00 [INFO] o.s.b.d.a.OptionalLiveReloadServer - LiveReload server is running on port 35729
2025-03-28 16:10:00 [INFO] o.a.c.h.Http11NioProtocol - Starting ProtocolHandler ["http-nio-8080"]
2025-03-28 16:10:00 [INFO] o.s.b.w.e.t.TomcatWebServer - Tomcat started on port 8080 (http) with context path '/'
2025-03-28 16:10:00 [INFO] c.e.j.JournalApplication - Started JournalApplication in 2.209 seconds (process running for 2.667)
2025-03-28 16:10:06 [INFO] o.s.o.j.LocalContainerEntityManagerFactoryBean - Closing JPA EntityManagerFactory for persistence unit 'default'
2025-03-28 16:10:06 [INFO] c.z.h.HikariDataSource - HikariPool-1 - Shutdown initiated...
2025-03-28 16:10:06 [INFO] c.z.h.HikariDataSource - HikariPool-1 - Shutdown completed.
